<?xml version="1.0" encoding="UTF-8"?>
<coverage generated="1574772275921" clover="3.2.0">
  <project timestamp="1574772275922" name="All files">
    <metrics statements="59" coveredstatements="58" conditionals="12" coveredconditionals="11" methods="17" coveredmethods="16" elements="88" coveredelements="85" complexity="0" loc="59" ncloc="59" packages="2" files="8" classes="8"/>
    <package name="js">
      <metrics statements="53" coveredstatements="52" conditionals="12" coveredconditionals="11" methods="17" coveredmethods="16"/>
      <file name="callApi.js" path="/home/patricia/workspace/ghibli-films/js/callApi.js">
        <metrics statements="5" coveredstatements="5" conditionals="0" coveredconditionals="0" methods="1" coveredmethods="1"/>
        <line num="2" count="3" type="stmt"/>
        <line num="3" count="3" type="stmt"/>
        <line num="4" count="2" type="stmt"/>
        <line num="5" count="2" type="stmt"/>
        <line num="7" count="1" type="stmt"/>
      </file>
      <file name="createTags.js" path="/home/patricia/workspace/ghibli-films/js/createTags.js">
        <metrics statements="23" coveredstatements="22" conditionals="4" coveredconditionals="4" methods="6" coveredmethods="5"/>
        <line num="3" count="2" type="stmt"/>
        <line num="6" count="0" type="stmt"/>
        <line num="10" count="43" type="stmt"/>
        <line num="12" count="4" type="cond" truecount="2" falsecount="0"/>
        <line num="13" count="1" type="stmt"/>
        <line num="16" count="3" type="stmt"/>
        <line num="20" count="12" type="stmt"/>
        <line num="21" count="12" type="stmt"/>
        <line num="23" count="12" type="cond" truecount="2" falsecount="0"/>
        <line num="24" count="1" type="stmt"/>
        <line num="25" count="1" type="stmt"/>
        <line num="27" count="11" type="stmt"/>
        <line num="28" count="11" type="stmt"/>
        <line num="31" count="12" type="stmt"/>
        <line num="35" count="1" type="stmt"/>
        <line num="36" count="1" type="stmt"/>
        <line num="37" count="1" type="stmt"/>
        <line num="38" count="1" type="stmt"/>
        <line num="40" count="1" type="stmt"/>
        <line num="41" count="3" type="stmt"/>
        <line num="42" count="3" type="stmt"/>
        <line num="45" count="1" type="stmt"/>
        <line num="47" count="1" type="stmt"/>
      </file>
      <file name="filterFilms.js" path="/home/patricia/workspace/ghibli-films/js/filterFilms.js">
        <metrics statements="13" coveredstatements="13" conditionals="6" coveredconditionals="6" methods="5" coveredmethods="5"/>
        <line num="2" count="16" type="stmt"/>
        <line num="4" count="15" type="cond" truecount="2" falsecount="0"/>
        <line num="9" count="6" type="stmt"/>
        <line num="11" count="6" type="stmt"/>
        <line num="12" count="16" type="stmt"/>
        <line num="13" count="10" type="cond" truecount="2" falsecount="0"/>
        <line num="15" count="5" type="stmt"/>
        <line num="19" count="3" type="stmt"/>
        <line num="20" count="3" type="stmt"/>
        <line num="21" count="3" type="stmt"/>
        <line num="23" count="3" type="cond" truecount="2" falsecount="0"/>
        <line num="24" count="2" type="stmt"/>
        <line num="27" count="3" type="stmt"/>
      </file>
      <file name="infoSection.js" path="/home/patricia/workspace/ghibli-films/js/infoSection.js">
        <metrics statements="9" coveredstatements="9" conditionals="2" coveredconditionals="1" methods="3" coveredmethods="3"/>
        <line num="3" count="1" type="stmt"/>
        <line num="6" count="1" type="stmt"/>
        <line num="8" count="1" type="stmt"/>
        <line num="13" count="1" type="stmt"/>
        <line num="17" count="3" type="stmt"/>
        <line num="19" count="3" type="stmt"/>
        <line num="21" count="1" type="stmt"/>
        <line num="25" count="1" type="cond" truecount="1" falsecount="1"/>
        <line num="26" count="1" type="stmt"/>
      </file>
      <file name="photos.js" path="/home/patricia/workspace/ghibli-films/js/photos.js">
        <metrics statements="1" coveredstatements="1" conditionals="0" coveredconditionals="0" methods="0" coveredmethods="0"/>
        <line num="3" count="2" type="stmt"/>
      </file>
      <file name="timeout.js" path="/home/patricia/workspace/ghibli-films/js/timeout.js">
        <metrics statements="2" coveredstatements="2" conditionals="0" coveredconditionals="0" methods="2" coveredmethods="2"/>
        <line num="2" count="1" type="stmt"/>
        <line num="3" count="1" type="stmt"/>
      </file>
    </package>
    <package name="test.fixtures">
      <metrics statements="6" coveredstatements="6" conditionals="0" coveredconditionals="0" methods="0" coveredmethods="0"/>
      <file name="filmsApi.js" path="/home/patricia/workspace/ghibli-films/test/fixtures/filmsApi.js">
        <metrics statements="1" coveredstatements="1" conditionals="0" coveredconditionals="0" methods="0" coveredmethods="0"/>
        <line num="1" count="1" type="stmt"/>
      </file>
      <file name="variables-fixtures.js" path="/home/patricia/workspace/ghibli-films/test/fixtures/variables-fixtures.js">
        <metrics statements="5" coveredstatements="5" conditionals="0" coveredconditionals="0" methods="0" coveredmethods="0"/>
        <line num="1" count="3" type="stmt"/>
        <line num="2" count="3" type="stmt"/>
        <line num="4" count="3" type="stmt"/>
        <line num="22" count="3" type="stmt"/>
        <line num="24" count="3" type="stmt"/>
      </file>
    </package>
  </project>
</coverage>
