{"/home/patricia/workspace/ghibli-films/js/callApi.js": {"path":"/home/patricia/workspace/ghibli-films/js/callApi.js","statementMap":{"0":{"start":{"line":2,"column":2},"end":{"line":8,"column":3}},"1":{"start":{"line":3,"column":16},"end":{"line":3,"column":37}},"2":{"start":{"line":4,"column":17},"end":{"line":4,"column":33}},"3":{"start":{"line":5,"column":4},"end":{"line":5,"column":16}},"4":{"start":{"line":7,"column":4},"end":{"line":7,"column":17}}},"fnMap":{"0":{"name":"callApi","decl":{"start":{"line":1,"column":15},"end":{"line":1,"column":22}},"loc":{"start":{"line":1,"column":33},"end":{"line":9,"column":1}},"line":1}},"branchMap":{},"s":{"0":3,"1":3,"2":2,"3":2,"4":1},"f":{"0":3},"b":{},"_coverageSchema":"43e27e138ebf9cfc5966b082cf9a028302ed4184","hash":"ba6ecfbf42eb633a267a804ec49fb5695cbd040b"}
,"/home/patricia/workspace/ghibli-films/js/createTags.js": {"path":"/home/patricia/workspace/ghibli-films/js/createTags.js","statementMap":{"0":{"start":{"line":3,"column":18},"end":{"line":3,"column":96}},"1":{"start":{"line":6,"column":2},"end":{"line":6,"column":36}},"2":{"start":{"line":10,"column":24},"end":{"line":10,"column":70}},"3":{"start":{"line":10,"column":50},"end":{"line":10,"column":69}},"4":{"start":{"line":12,"column":2},"end":{"line":14,"column":3}},"5":{"start":{"line":13,"column":4},"end":{"line":13,"column":31}},"6":{"start":{"line":16,"column":2},"end":{"line":16,"column":19}},"7":{"start":{"line":20,"column":17},"end":{"line":20,"column":44}},"8":{"start":{"line":21,"column":2},"end":{"line":21,"column":34}},"9":{"start":{"line":23,"column":2},"end":{"line":29,"column":3}},"10":{"start":{"line":24,"column":4},"end":{"line":24,"column":41}},"11":{"start":{"line":25,"column":4},"end":{"line":25,"column":22}},"12":{"start":{"line":27,"column":20},"end":{"line":27,"column":49}},"13":{"start":{"line":28,"column":4},"end":{"line":28,"column":32}},"14":{"start":{"line":31,"column":2},"end":{"line":31,"column":16}},"15":{"start":{"line":35,"column":29},"end":{"line":35,"column":77}},"16":{"start":{"line":36,"column":20},"end":{"line":36,"column":67}},"17":{"start":{"line":37,"column":24},"end":{"line":37,"column":80}},"18":{"start":{"line":38,"column":2},"end":{"line":38,"column":39}},"19":{"start":{"line":40,"column":2},"end":{"line":43,"column":5}},"20":{"start":{"line":41,"column":22},"end":{"line":41,"column":73}},"21":{"start":{"line":42,"column":4},"end":{"line":42,"column":37}},"22":{"start":{"line":45,"column":2},"end":{"line":45,"column":44}},"23":{"start":{"line":47,"column":2},"end":{"line":47,"column":28}}},"fnMap":{"0":{"name":"addEventToTag","decl":{"start":{"line":5,"column":9},"end":{"line":5,"column":22}},"loc":{"start":{"line":5,"column":41},"end":{"line":7,"column":1}},"line":5},"1":{"name":"findImage","decl":{"start":{"line":9,"column":9},"end":{"line":9,"column":18}},"loc":{"start":{"line":9,"column":36},"end":{"line":17,"column":1}},"line":9},"2":{"name":"(anonymous_2)","decl":{"start":{"line":10,"column":39},"end":{"line":10,"column":40}},"loc":{"start":{"line":10,"column":50},"end":{"line":10,"column":69}},"line":10},"3":{"name":"createTag","decl":{"start":{"line":19,"column":9},"end":{"line":19,"column":18}},"loc":{"start":{"line":19,"column":41},"end":{"line":32,"column":1}},"line":19},"4":{"name":"createSelectTag","decl":{"start":{"line":34,"column":9},"end":{"line":34,"column":24}},"loc":{"start":{"line":34,"column":58},"end":{"line":48,"column":1}},"line":34},"5":{"name":"(anonymous_5)","decl":{"start":{"line":40,"column":18},"end":{"line":40,"column":19}},"loc":{"start":{"line":40,"column":30},"end":{"line":43,"column":3}},"line":40}},"branchMap":{"0":{"loc":{"start":{"line":12,"column":2},"end":{"line":14,"column":3}},"type":"if","locations":[{"start":{"line":12,"column":2},"end":{"line":14,"column":3}},{"start":{"line":12,"column":2},"end":{"line":14,"column":3}}],"line":12},"1":{"loc":{"start":{"line":23,"column":2},"end":{"line":29,"column":3}},"type":"if","locations":[{"start":{"line":23,"column":2},"end":{"line":29,"column":3}},{"start":{"line":23,"column":2},"end":{"line":29,"column":3}}],"line":23}},"s":{"0":2,"1":0,"2":4,"3":43,"4":4,"5":1,"6":3,"7":12,"8":12,"9":12,"10":1,"11":1,"12":11,"13":11,"14":12,"15":1,"16":1,"17":1,"18":1,"19":1,"20":3,"21":3,"22":1,"23":1},"f":{"0":0,"1":4,"2":43,"3":12,"4":1,"5":3},"b":{"0":[1,3],"1":[1,11]},"_coverageSchema":"43e27e138ebf9cfc5966b082cf9a028302ed4184","hash":"d9f8fe46f8c3c8d7657282bb8e8080153809bdea"}
,"/home/patricia/workspace/ghibli-films/js/filterFilms.js": {"path":"/home/patricia/workspace/ghibli-films/js/filterFilms.js","statementMap":{"0":{"start":{"line":2,"column":2},"end":{"line":2,"column":38}},"1":{"start":{"line":4,"column":2},"end":{"line":5,"column":57}},"2":{"start":{"line":9,"column":34},"end":{"line":9,"column":41}},"3":{"start":{"line":11,"column":24},"end":{"line":13,"column":69}},"4":{"start":{"line":12,"column":22},"end":{"line":12,"column":53}},"5":{"start":{"line":13,"column":23},"end":{"line":13,"column":67}},"6":{"start":{"line":15,"column":2},"end":{"line":15,"column":23}},"7":{"start":{"line":19,"column":21},"end":{"line":19,"column":61}},"8":{"start":{"line":20,"column":20},"end":{"line":20,"column":36}},"9":{"start":{"line":21,"column":17},"end":{"line":21,"column":67}},"10":{"start":{"line":23,"column":2},"end":{"line":25,"column":3}},"11":{"start":{"line":24,"column":4},"end":{"line":24,"column":20}},"12":{"start":{"line":27,"column":2},"end":{"line":27,"column":33}}},"fnMap":{"0":{"name":"isTextIncluded","decl":{"start":{"line":1,"column":9},"end":{"line":1,"column":23}},"loc":{"start":{"line":1,"column":41},"end":{"line":6,"column":1}},"line":1},"1":{"name":"filterFilms","decl":{"start":{"line":8,"column":9},"end":{"line":8,"column":20}},"loc":{"start":{"line":8,"column":37},"end":{"line":16,"column":1}},"line":8},"2":{"name":"(anonymous_2)","decl":{"start":{"line":12,"column":12},"end":{"line":12,"column":13}},"loc":{"start":{"line":12,"column":22},"end":{"line":12,"column":53}},"line":12},"3":{"name":"(anonymous_3)","decl":{"start":{"line":13,"column":12},"end":{"line":13,"column":13}},"loc":{"start":{"line":13,"column":23},"end":{"line":13,"column":67}},"line":13},"4":{"name":"getFilters","decl":{"start":{"line":18,"column":9},"end":{"line":18,"column":19}},"loc":{"start":{"line":18,"column":22},"end":{"line":28,"column":1}},"line":18}},"branchMap":{"0":{"loc":{"start":{"line":4,"column":9},"end":{"line":5,"column":56}},"type":"binary-expr","locations":[{"start":{"line":4,"column":9},"end":{"line":4,"column":53}},{"start":{"line":5,"column":6},"end":{"line":5,"column":56}}],"line":4},"1":{"loc":{"start":{"line":13,"column":23},"end":{"line":13,"column":67}},"type":"cond-expr","locations":[{"start":{"line":13,"column":34},"end":{"line":13,"column":60}},{"start":{"line":13,"column":63},"end":{"line":13,"column":67}}],"line":13},"2":{"loc":{"start":{"line":23,"column":2},"end":{"line":25,"column":3}},"type":"if","locations":[{"start":{"line":23,"column":2},"end":{"line":25,"column":3}},{"start":{"line":23,"column":2},"end":{"line":25,"column":3}}],"line":23}},"s":{"0":16,"1":15,"2":6,"3":6,"4":16,"5":10,"6":5,"7":3,"8":3,"9":3,"10":3,"11":2,"12":3},"f":{"0":16,"1":6,"2":16,"3":10,"4":3},"b":{"0":[15,7],"1":[4,6],"2":[2,1]},"_coverageSchema":"43e27e138ebf9cfc5966b082cf9a028302ed4184","hash":"5deb8a2d95291d1012b8bff274c6ec1bd62e4a29"}
,"/home/patricia/workspace/ghibli-films/js/infoSection.js": {"path":"/home/patricia/workspace/ghibli-films/js/infoSection.js","statementMap":{"0":{"start":{"line":3,"column":18},"end":{"line":3,"column":45}},"1":{"start":{"line":6,"column":2},"end":{"line":6,"column":22}},"2":{"start":{"line":8,"column":19},"end":{"line":11,"column":27}},"3":{"start":{"line":13,"column":2},"end":{"line":13,"column":35}},"4":{"start":{"line":17,"column":20},"end":{"line":17,"column":59}},"5":{"start":{"line":19,"column":2},"end":{"line":19,"column":37}},"6":{"start":{"line":21,"column":2},"end":{"line":21,"column":21}},"7":{"start":{"line":25,"column":2},"end":{"line":27,"column":3}},"8":{"start":{"line":26,"column":4},"end":{"line":26,"column":21}}},"fnMap":{"0":{"name":"noResults","decl":{"start":{"line":5,"column":9},"end":{"line":5,"column":18}},"loc":{"start":{"line":5,"column":38},"end":{"line":14,"column":1}},"line":5},"1":{"name":"addLoader","decl":{"start":{"line":16,"column":9},"end":{"line":16,"column":18}},"loc":{"start":{"line":16,"column":32},"end":{"line":22,"column":1}},"line":16},"2":{"name":"removeLoader","decl":{"start":{"line":24,"column":9},"end":{"line":24,"column":21}},"loc":{"start":{"line":24,"column":31},"end":{"line":28,"column":1}},"line":24}},"branchMap":{"0":{"loc":{"start":{"line":25,"column":2},"end":{"line":27,"column":3}},"type":"if","locations":[{"start":{"line":25,"column":2},"end":{"line":27,"column":3}},{"start":{"line":25,"column":2},"end":{"line":27,"column":3}}],"line":25}},"s":{"0":1,"1":1,"2":1,"3":1,"4":3,"5":3,"6":1,"7":1,"8":1},"f":{"0":1,"1":3,"2":1},"b":{"0":[1,0]},"_coverageSchema":"43e27e138ebf9cfc5966b082cf9a028302ed4184","hash":"b56f271ac65696a9651ce46c021ffa6412873ae6"}
,"/home/patricia/workspace/ghibli-films/js/photos.js": {"path":"/home/patricia/workspace/ghibli-films/js/photos.js","statementMap":{"0":{"start":{"line":3,"column":22},"end":{"line":84,"column":1}}},"fnMap":{},"branchMap":{},"s":{"0":2},"f":{},"b":{},"_coverageSchema":"43e27e138ebf9cfc5966b082cf9a028302ed4184","hash":"8fcd64f0484991135766c95a3c7a71d3749692d5"}
,"/home/patricia/workspace/ghibli-films/js/timeout.js": {"path":"/home/patricia/workspace/ghibli-films/js/timeout.js","statementMap":{"0":{"start":{"line":2,"column":2},"end":{"line":4,"column":5}},"1":{"start":{"line":3,"column":4},"end":{"line":3,"column":30}}},"fnMap":{"0":{"name":"timeout","decl":{"start":{"line":1,"column":9},"end":{"line":1,"column":16}},"loc":{"start":{"line":1,"column":23},"end":{"line":5,"column":1}},"line":1},"1":{"name":"(anonymous_1)","decl":{"start":{"line":2,"column":21},"end":{"line":2,"column":22}},"loc":{"start":{"line":2,"column":34},"end":{"line":4,"column":3}},"line":2}},"branchMap":{},"s":{"0":1,"1":1},"f":{"0":1,"1":1},"b":{},"_coverageSchema":"43e27e138ebf9cfc5966b082cf9a028302ed4184","hash":"924bf58387dd811d9013c74ec71b203853c8f5c8"}
,"/home/patricia/workspace/ghibli-films/test/fixtures/filmsApi.js": {"path":"/home/patricia/workspace/ghibli-films/test/fixtures/filmsApi.js","statementMap":{"0":{"start":{"line":1,"column":17},"end":{"line":464,"column":1}}},"fnMap":{},"branchMap":{},"s":{"0":1},"f":{},"b":{},"_coverageSchema":"43e27e138ebf9cfc5966b082cf9a028302ed4184","hash":"653ffde7efb1028395f393b6a6dba86c63cd18fe"}
,"/home/patricia/workspace/ghibli-films/test/fixtures/variables-fixtures.js": {"path":"/home/patricia/workspace/ghibli-films/test/fixtures/variables-fixtures.js","statementMap":{"0":{"start":{"line":1,"column":21},"end":{"line":1,"column":45}},"1":{"start":{"line":2,"column":20},"end":{"line":2,"column":56}}},"fnMap":{},"branchMap":{},"s":{"0":1,"1":1},"f":{},"b":{},"_coverageSchema":"43e27e138ebf9cfc5966b082cf9a028302ed4184","hash":"2795466023b2798c987748192aee9aaa1628cfc5"}
}
