TN:
SF:/home/patricia/workspace/ghibli-films/js/callApi.js
FN:1,callApi
FNF:1
FNH:1
FNDA:3,callApi
DA:2,3
DA:3,3
DA:4,2
DA:5,2
DA:7,1
LF:5
LH:5
BRF:0
BRH:0
end_of_record
TN:
SF:/home/patricia/workspace/ghibli-films/js/createTags.js
FN:5,addEventToTag
FN:9,findImage
FN:10,(anonymous_2)
FN:19,createTag
FN:34,createSelectTag
FN:40,(anonymous_5)
FNF:6
FNH:6
FNDA:5,addEventToTag
FNDA:9,findImage
FNDA:125,(anonymous_2)
FNDA:32,createTag
FNDA:1,createSelectTag
FNDA:3,(anonymous_5)
DA:3,3
DA:6,5
DA:10,125
DA:12,9
DA:13,1
DA:16,8
DA:20,32
DA:21,32
DA:23,32
DA:24,5
DA:25,5
DA:27,27
DA:28,27
DA:31,32
DA:35,1
DA:36,1
DA:37,1
DA:38,1
DA:40,1
DA:41,3
DA:42,3
DA:45,1
DA:47,1
LF:23
LH:23
BRDA:12,0,0,1
BRDA:12,0,1,8
BRDA:23,1,0,5
BRDA:23,1,1,27
BRF:4
BRH:4
end_of_record
TN:
SF:/home/patricia/workspace/ghibli-films/js/filterFilms.js
FN:1,isTextIncluded
FN:8,filterFilms
FN:12,(anonymous_2)
FN:13,(anonymous_3)
FN:18,getFilters
FNF:5
FNH:5
FNDA:16,isTextIncluded
FNDA:6,filterFilms
FNDA:16,(anonymous_2)
FNDA:10,(anonymous_3)
FNDA:3,getFilters
DA:2,16
DA:4,15
DA:9,6
DA:11,6
DA:12,16
DA:13,10
DA:15,5
DA:19,3
DA:20,3
DA:21,3
DA:23,3
DA:24,2
DA:27,3
LF:13
LH:13
BRDA:4,0,0,15
BRDA:4,0,1,7
BRDA:13,1,0,4
BRDA:13,1,1,6
BRDA:23,2,0,2
BRDA:23,2,1,1
BRF:6
BRH:6
end_of_record
TN:
SF:/home/patricia/workspace/ghibli-films/js/infoSection.js
FN:5,noResults
FN:16,addLoader
FN:24,removeLoader
FNF:3
FNH:3
FNDA:3,noResults
FNDA:3,addLoader
FNDA:2,removeLoader
DA:3,2
DA:6,3
DA:8,3
DA:13,3
DA:17,3
DA:19,3
DA:21,1
DA:25,2
DA:26,1
LF:9
LH:9
BRDA:24,0,0,1
BRDA:25,1,0,1
BRDA:25,1,1,1
BRF:3
BRH:3
end_of_record
TN:
SF:/home/patricia/workspace/ghibli-films/js/photos.js
FNF:0
FNH:0
DA:3,3
LF:1
LH:1
BRF:0
BRH:0
end_of_record
TN:
SF:/home/patricia/workspace/ghibli-films/js/printFilms.js
FN:4,unfoldDescription
FN:10,printFilm
FN:32,printFilms
FN:40,(anonymous_3)
FN:43,(anonymous_4)
FNF:5
FNH:4
FNDA:0,unfoldDescription
FNDA:4,printFilm
FNDA:3,printFilms
FNDA:3,(anonymous_3)
FNDA:3,(anonymous_4)
DA:5,0
DA:6,0
DA:7,0
DA:11,4
DA:13,4
DA:15,4
DA:17,4
DA:18,4
DA:20,4
DA:22,4
DA:24,4
DA:25,4
DA:26,4
DA:27,4
DA:29,4
DA:33,3
DA:34,2
DA:37,1
DA:38,1
DA:40,3
DA:43,3
DA:45,1
LF:22
LH:19
BRDA:32,0,0,1
BRDA:33,1,0,2
BRDA:33,1,1,1
BRF:3
BRH:3
end_of_record
TN:
SF:/home/patricia/workspace/ghibli-films/js/timeout.js
FN:1,timeout
FN:2,(anonymous_1)
FNF:2
FNH:2
FNDA:1,timeout
FNDA:1,(anonymous_1)
DA:2,1
DA:3,1
LF:2
LH:2
BRF:0
BRH:0
end_of_record
TN:
SF:/home/patricia/workspace/ghibli-films/test/fixtures/filmsApi.js
FNF:0
FNH:0
DA:1,1
LF:1
LH:1
BRF:0
BRH:0
end_of_record
TN:
SF:/home/patricia/workspace/ghibli-films/test/fixtures/variables-fixtures.js
FNF:0
FNH:0
DA:1,4
DA:2,4
DA:4,4
DA:22,4
DA:24,4
LF:5
LH:5
BRF:0
BRH:0
end_of_record
