TN:
SF:/home/patricia/workspace/ghibli-films/js/callApi.js
FN:1,callApi
FNF:1
FNH:1
FNDA:3,callApi
DA:2,3
DA:3,3
DA:4,2
DA:5,2
DA:7,1
LF:5
LH:5
BRF:0
BRH:0
end_of_record
TN:
SF:/home/patricia/workspace/ghibli-films/js/createTags.js
FN:5,addEventToTag
FN:9,findImage
FN:10,(anonymous_2)
FN:19,createTag
FN:34,createSelectTag
FN:40,(anonymous_5)
FNF:6
FNH:5
FNDA:0,addEventToTag
FNDA:4,findImage
FNDA:43,(anonymous_2)
FNDA:12,createTag
FNDA:1,createSelectTag
FNDA:3,(anonymous_5)
DA:3,2
DA:6,0
DA:10,43
DA:12,4
DA:13,1
DA:16,3
DA:20,12
DA:21,12
DA:23,12
DA:24,1
DA:25,1
DA:27,11
DA:28,11
DA:31,12
DA:35,1
DA:36,1
DA:37,1
DA:38,1
DA:40,1
DA:41,3
DA:42,3
DA:45,1
DA:47,1
LF:23
LH:22
BRDA:12,0,0,1
BRDA:12,0,1,3
BRDA:23,1,0,1
BRDA:23,1,1,11
BRF:4
BRH:4
end_of_record
TN:
SF:/home/patricia/workspace/ghibli-films/js/filterFilms.js
FN:1,isTextIncluded
FN:8,filterFilms
FN:12,(anonymous_2)
FN:13,(anonymous_3)
FN:18,getFilters
FNF:5
FNH:5
FNDA:16,isTextIncluded
FNDA:6,filterFilms
FNDA:16,(anonymous_2)
FNDA:10,(anonymous_3)
FNDA:3,getFilters
DA:2,16
DA:4,15
DA:9,6
DA:11,6
DA:12,16
DA:13,10
DA:15,5
DA:19,3
DA:20,3
DA:21,3
DA:23,3
DA:24,2
DA:27,3
LF:13
LH:13
BRDA:4,0,0,15
BRDA:4,0,1,7
BRDA:13,1,0,4
BRDA:13,1,1,6
BRDA:23,2,0,2
BRDA:23,2,1,1
BRF:6
BRH:6
end_of_record
TN:
SF:/home/patricia/workspace/ghibli-films/js/infoSection.js
FN:5,noResults
FN:16,addLoader
FN:24,removeLoader
FNF:3
FNH:3
FNDA:1,noResults
FNDA:3,addLoader
FNDA:1,removeLoader
DA:3,1
DA:6,1
DA:8,1
DA:13,1
DA:17,3
DA:19,3
DA:21,1
DA:25,1
DA:26,1
LF:9
LH:9
BRDA:25,0,0,1
BRDA:25,0,1,0
BRF:2
BRH:1
end_of_record
TN:
SF:/home/patricia/workspace/ghibli-films/js/photos.js
FNF:0
FNH:0
DA:3,2
LF:1
LH:1
BRF:0
BRH:0
end_of_record
TN:
SF:/home/patricia/workspace/ghibli-films/js/timeout.js
FN:1,timeout
FN:2,(anonymous_1)
FNF:2
FNH:2
FNDA:1,timeout
FNDA:1,(anonymous_1)
DA:2,1
DA:3,1
LF:2
LH:2
BRF:0
BRH:0
end_of_record
TN:
SF:/home/patricia/workspace/ghibli-films/test/fixtures/filmsApi.js
FNF:0
FNH:0
DA:1,1
LF:1
LH:1
BRF:0
BRH:0
end_of_record
TN:
SF:/home/patricia/workspace/ghibli-films/test/fixtures/variables-fixtures.js
FNF:0
FNH:0
DA:1,3
DA:2,3
DA:4,3
DA:22,3
DA:24,3
LF:5
LH:5
BRF:0
BRH:0
end_of_record
